<?xml version="1.0" encoding="UTF-8"?>
<!-- Generated by org.testng.reporters.JUnitReportReporter -->
<testsuite hostname="DESKTOP-D6FQT73" failures="0" tests="3" name="TestNG_anotations" time="0.020" errors="0" timestamp="2022-06-15T17:42:08 IST" skipped="0">
  <testcase classname="TestNG_anotations" name="usedataprovider" time="0.010"/>
  <system-out/>
  <testcase classname="TestNG_anotations" name="usedataprovider" time="0.007"/>
  <system-out/>
  <testcase classname="TestNG_anotations" name="usedataprovider" time="0.003"/>
  <system-out/>
</testsuite> <!-- TestNG_anotations -->
