<?xml version="1.0" encoding="UTF-8"?>
<!-- Generated by org.testng.reporters.JUnitReportReporter -->
<testsuite hostname="DESKTOP-D6FQT73" failures="0" tests="1" name="Test.Login_Testcases" time="31.171" errors="0" timestamp="2022-06-18T21:53:25 IST" skipped="0">
  <testcase classname="Test.Login_Testcases" name="Valid_crediantialsTestcase" time="31.171"/>
  <system-out/>
</testsuite> <!-- Test.Login_Testcases -->
