<?xml version="1.0" encoding="UTF-8"?>
<!-- Generated by org.testng.reporters.JUnitReportReporter -->
<testsuite hostname="DESKTOP-D6FQT73" failures="0" tests="1" name="Test.HomePage_testcase" time="38.209" errors="0" timestamp="2022-06-10T19:38:29 IST" skipped="0">
  <testcase classname="Test.HomePage_testcase" name="Search_stock" time="38.209"/>
  <system-out/>
</testsuite> <!-- Test.HomePage_testcase -->
