<?xml version="1.0" encoding="UTF-8"?>
<!-- Generated by org.testng.reporters.JUnitReportReporter -->
<testsuite hostname="DESKTOP-D6FQT73" failures="0" tests="1" name="Test.BrokenLinks" time="161.259" errors="0" timestamp="2022-06-22T23:10:33 IST" skipped="0">
  <testcase classname="Test.BrokenLinks" name="brokenlink" time="161.259"/>
  <system-out/>
</testsuite> <!-- Test.BrokenLinks -->
