<?xml version="1.0" encoding="UTF-8"?>
<!-- Generated by org.testng.reporters.JUnitReportReporter -->
<testsuite hostname="DESKTOP-D6FQT73" failures="0" tests="1" name="Test.Zerodha_SignupPageTest" time="11.918" errors="0" timestamp="2022-06-12T22:33:41 IST" skipped="0">
  <testcase classname="Test.Zerodha_SignupPageTest" name="clickOnsignUp" time="11.918"/>
  <system-out/>
</testsuite> <!-- Test.Zerodha_SignupPageTest -->
